<?xml version="1.0" encoding="UTF-8"?>
<!-- Generated by org.testng.reporters.JUnitReportReporter -->
<testsuite hostname="Acer-PC" failures="0" tests="1" name="TestNG.anotation_exercise" time="0.328" errors="0" timestamp="2023-11-09T10:45:20 EET" skipped="0">
  <testcase classname="TestNG.anotation_exercise" name="login" time="0.328"/>
</testsuite> <!-- TestNG.anotation_exercise -->
