<?xml version="1.0" encoding="UTF-8"?>
<!-- Generated by org.testng.reporters.JUnitReportReporter -->
<testsuite hostname="Acer-PC" failures="0" tests="1" name="TestNG.anotation_exercise2$anotation_exercise" time="0.365" errors="0" timestamp="2023-11-09T11:11:12 EET" skipped="0">
  <testcase classname="TestNG.anotation_exercise2$anotation_exercise" name="login" time="0.365"/>
</testsuite> <!-- TestNG.anotation_exercise2$anotation_exercise -->
