<?xml version="1.0" encoding="UTF-8"?>
<!-- Generated by org.testng.reporters.JUnitReportReporter -->
<testsuite hostname="Acer-PC" failures="0" tests="1" name="lection17_exercise1.exercise1.HomePageTitleTest" time="0.083" errors="0" timestamp="2023-11-13T11:07:38 EET" skipped="0">
  <testcase classname="lection17_exercise1.exercise1.HomePageTitleTest" name="HomePageTitle" time="0.083"/>
</testsuite> <!-- lection17_exercise1.exercise1.HomePageTitleTest -->
