<?xml version="1.0" encoding="UTF-8"?>
<!-- Generated by org.testng.reporters.JUnitReportReporter -->
<testsuite hostname="Acer-PC" failures="0" tests="1" name="TestNG.wait_homework" time="0.343" errors="0" timestamp="2023-11-09T12:11:20 EET" skipped="0">
  <testcase classname="TestNG.wait_homework" name="login" time="0.343"/>
</testsuite> <!-- TestNG.wait_homework -->
