<?xml version="1.0" encoding="UTF-8"?>
<!-- Generated by org.testng.reporters.JUnitReportReporter -->
<testsuite hostname="Acer-PC" failures="0" tests="1" name="lection17_exercise2.LoginPageTitleTest" time="2.201" errors="0" timestamp="2023-11-15T11:11:52 EET" skipped="0">
  <testcase classname="lection17_exercise2.LoginPageTitleTest" name="LoginPageTitle" time="2.201"/>
</testsuite> <!-- lection17_exercise2.LoginPageTitleTest -->
