<?xml version="1.0" encoding="UTF-8"?>
<!-- Generated by org.testng.reporters.JUnitReportReporter -->
<testsuite hostname="Acer-PC" failures="0" tests="1" name="lection17_exercise3.RegistrationPageTitleTest" time="0.091" errors="0" timestamp="2023-11-13T19:24:03 EET" skipped="0">
  <testcase classname="lection17_exercise3.RegistrationPageTitleTest" name="RegistrationPageTitle" time="0.091"/>
</testsuite> <!-- lection17_exercise3.RegistrationPageTitleTest -->
