<?xml version="1.0" encoding="UTF-8"?>
<!-- Generated by org.testng.reporters.JUnitReportReporter -->
<testsuite hostname="Acer-PC" failures="0" tests="1" name="lection17_homework3.AddToCartTitleTest" time="0.051" errors="0" timestamp="2023-11-14T11:14:20 EET" skipped="0">
  <testcase classname="lection17_homework3.AddToCartTitleTest" name="AddToCartTitle" time="0.051"/>
</testsuite> <!-- lection17_homework3.AddToCartTitleTest -->
