<?xml version="1.0" encoding="UTF-8"?>
<!-- Generated by org.testng.reporters.JUnitReportReporter -->
<testsuite hostname="Acer-PC" failures="0" tests="1" name="TestNG.anotation_homework" time="0.346" errors="0" timestamp="2023-11-09T11:17:19 EET" skipped="0">
  <testcase classname="TestNG.anotation_homework" name="login" time="0.346"/>
</testsuite> <!-- TestNG.anotation_homework -->
