<?xml version="1.0" encoding="UTF-8"?>
<!-- Generated by org.testng.reporters.JUnitReportReporter -->
<testsuite hostname="Acer-PC" failures="0" tests="1" name="lection19_exercise2.CreateAccountTitleTest" time="2.711" errors="0" timestamp="2023-11-15T21:04:05 EET" skipped="0">
  <testcase classname="lection19_exercise2.CreateAccountTitleTest" name="CreateAccountPageTitle" time="2.711"/>
</testsuite> <!-- lection19_exercise2.CreateAccountTitleTest -->
