<?xml version="1.0" encoding="UTF-8"?>
<!-- Generated by org.testng.reporters.JUnitReportReporter -->
<testsuite hostname="Acer-PC" failures="0" tests="12" name="TestNG.Lection19_exercise3" time="0.016" errors="0" timestamp="2023-11-19T10:39:04 EET" skipped="0">
  <testcase classname="TestNG.Lection19_exercise3" name="testSearch" time="0.001"/>
  <testcase classname="TestNG.Lection19_exercise3" name="testSearch" time="0.001"/>
  <testcase classname="TestNG.Lection19_exercise3" name="testSearch" time="0.001"/>
  <testcase classname="TestNG.Lection19_exercise3" name="testSearch" time="0.001"/>
  <testcase classname="TestNG.Lection19_exercise3" name="testSearch" time="0.002"/>
  <testcase classname="TestNG.Lection19_exercise3" name="testSearch" time="0.001"/>
  <testcase classname="TestNG.Lection19_exercise3" name="testSearch" time="0.000"/>
  <testcase classname="TestNG.Lection19_exercise3" name="testSearch" time="0.000"/>
  <testcase classname="TestNG.Lection19_exercise3" name="testSearch" time="0.001"/>
  <testcase classname="TestNG.Lection19_exercise3" name="testSearch" time="0.000"/>
  <testcase classname="TestNG.Lection19_exercise3" name="testSearch" time="0.001"/>
  <testcase classname="TestNG.Lection19_exercise3" name="testSearch" time="0.007"/>
</testsuite> <!-- TestNG.Lection19_exercise3 -->
