<?xml version="1.0" encoding="UTF-8"?>
<!-- Generated by org.testng.reporters.JUnitReportReporter -->
<testsuite hostname="Acer-PC" failures="0" tests="1" name="lection17_homework2.TopsMenTitleTest" time="1.622" errors="0" timestamp="2023-11-15T18:44:25 EET" skipped="0">
  <testcase classname="lection17_homework2.TopsMenTitleTest" name="TopsMenTitle" time="1.622"/>
</testsuite> <!-- lection17_homework2.TopsMenTitleTest -->
