<?xml version="1.0" encoding="UTF-8"?>
<!-- Generated by org.testng.reporters.JUnitReportReporter -->
<testsuite hostname="Acer-PC" failures="0" tests="12" name="Lection19_exercise3.Lection19_exercise3" time="0.015" errors="0" timestamp="2023-11-18T16:33:19 EET" skipped="0">
  <testcase classname="Lection19_exercise3.Lection19_exercise3" name="testSearch" time="0.001"/>
  <testcase classname="Lection19_exercise3.Lection19_exercise3" name="testSearch" time="0.001"/>
  <testcase classname="Lection19_exercise3.Lection19_exercise3" name="testSearch" time="0.001"/>
  <testcase classname="Lection19_exercise3.Lection19_exercise3" name="testSearch" time="0.001"/>
  <testcase classname="Lection19_exercise3.Lection19_exercise3" name="testSearch" time="0.001"/>
  <testcase classname="Lection19_exercise3.Lection19_exercise3" name="testSearch" time="0.001"/>
  <testcase classname="Lection19_exercise3.Lection19_exercise3" name="testSearch" time="0.000"/>
  <testcase classname="Lection19_exercise3.Lection19_exercise3" name="testSearch" time="0.001"/>
  <testcase classname="Lection19_exercise3.Lection19_exercise3" name="testSearch" time="0.001"/>
  <testcase classname="Lection19_exercise3.Lection19_exercise3" name="testSearch" time="0.001"/>
  <testcase classname="Lection19_exercise3.Lection19_exercise3" name="testSearch" time="0.001"/>
  <testcase classname="Lection19_exercise3.Lection19_exercise3" name="testSearch" time="0.005"/>
</testsuite> <!-- Lection19_exercise3.Lection19_exercise3 -->
