<?xml version="1.0" encoding="UTF-8"?>
<!-- Generated by org.testng.reporters.JUnitReportReporter -->
<testsuite hostname="Acer-PC" failures="0" tests="1" name="lection19_exercise1.WhatsNewTitleTest" time="2.254" errors="0" timestamp="2023-11-15T21:43:28 EET" skipped="0">
  <testcase classname="lection19_exercise1.WhatsNewTitleTest" name="WhatsNewTitle" time="2.254"/>
</testsuite> <!-- lection19_exercise1.WhatsNewTitleTest -->
