<?xml version="1.0" encoding="UTF-8"?>
<!-- Generated by org.testng.reporters.JUnitReportReporter -->
<testsuite hostname="Acer-PC" failures="0" tests="1" name="TestNG.wait_homework2" time="0.787" errors="0" timestamp="2023-11-09T11:56:38 EET" skipped="0">
  <testcase classname="TestNG.wait_homework2" name="login" time="0.787"/>
</testsuite> <!-- TestNG.wait_homework2 -->
