<?xml version="1.0" encoding="UTF-8"?>
<!-- Generated by org.testng.reporters.JUnitReportReporter -->
<testsuite hostname="Acer-PC" failures="0" tests="1" name="lection17_homework4.TestCaseTitleTest" time="9.931" errors="0" timestamp="2023-11-15T19:00:58 EET" skipped="0">
  <testcase classname="lection17_homework4.TestCaseTitleTest" name="TestCasePageTitle" time="9.931"/>
</testsuite> <!-- lection17_homework4.TestCaseTitleTest -->
