<?xml version="1.0" encoding="UTF-8"?>
<!-- Generated by org.testng.reporters.JUnitReportReporter -->
<testsuite hostname="Acer-PC" failures="0" tests="1" name="TestNG.wait_exercise" time="0.570" errors="0" timestamp="2023-11-09T11:07:26 EET" skipped="0">
  <testcase classname="TestNG.wait_exercise" name="login" time="0.570"/>
</testsuite> <!-- TestNG.wait_exercise -->
